<?xml version="1.0" encoding="UTF-8"?>
<!-- Generated by org.testng.reporters.JUnitXMLReporter -->
<testsuite ignored="0" hostname="DESKTOP-OJ9MCVM" failures="0" tests="3" name="Test" time="11.011" errors="0" timestamp="2023-05-24T18:45:07 IST">
  <testcase classname="testClassPackage.Post_tc1" name="execute" time="8.408"/>
  <testcase classname="testClassPackage.Post_tc2" name="execute" time="1.183"/>
  <testcase classname="testClassPackage.Post_tc3" name="execute" time="1.168"/>
</testsuite> <!-- Test -->
